<?xml version="1.0" encoding="UTF-8"?>
<testng-results ignored="0" total="5" passed="5" failed="0" skipped="0">
  <reporter-output>
  </reporter-output>
  <suite started-at="2024-02-13T14:37:36 IST" name="Surefire suite" finished-at="2024-02-13T14:37:36 IST" duration-ms="38">
    <groups>
    </groups>
    <test started-at="2024-02-13T14:37:36 IST" name="Surefire test" finished-at="2024-02-13T14:37:36 IST" duration-ms="38">
      <class name="TestClasses">
        <test-method signature="TC1()[pri:0, instance:TestClasses@2d9d4f9d]" started-at="2024-02-13T14:37:36 IST" name="TC1" finished-at="2024-02-13T14:37:36 IST" duration-ms="8" status="PASS">
          <reporter-output>
          </reporter-output>
        </test-method> <!-- TC1 -->
        <test-method signature="TC2()[pri:0, instance:TestClasses@2d9d4f9d]" started-at="2024-02-13T14:37:36 IST" name="TC2" finished-at="2024-02-13T14:37:36 IST" duration-ms="1" status="PASS">
          <reporter-output>
          </reporter-output>
        </test-method> <!-- TC2 -->
        <test-method signature="TC3()[pri:0, instance:TestClasses@2d9d4f9d]" started-at="2024-02-13T14:37:36 IST" name="TC3" finished-at="2024-02-13T14:37:36 IST" duration-ms="0" status="PASS">
          <reporter-output>
          </reporter-output>
        </test-method> <!-- TC3 -->
        <test-method signature="TC4()[pri:0, instance:TestClasses@2d9d4f9d]" started-at="2024-02-13T14:37:36 IST" name="TC4" finished-at="2024-02-13T14:37:36 IST" duration-ms="0" status="PASS">
          <reporter-output>
          </reporter-output>
        </test-method> <!-- TC4 -->
        <test-method signature="TC5()[pri:0, instance:TestClasses@2d9d4f9d]" started-at="2024-02-13T14:37:36 IST" name="TC5" finished-at="2024-02-13T14:37:36 IST" duration-ms="0" status="PASS">
          <reporter-output>
          </reporter-output>
        </test-method> <!-- TC5 -->
      </class> <!-- TestClasses -->
    </test> <!-- Surefire test -->
  </suite> <!-- Surefire suite -->
</testng-results>
