<?xml version="1.0" encoding="UTF-8"?>
<!-- Generated by org.testng.reporters.JUnitXMLReporter -->
<testsuite ignored="0" hostname="spectre" failures="0" tests="5" name="Surefire test" time="0.038" errors="0" timestamp="2024-02-13T14:37:36 IST">
  <testcase classname="TestClasses" name="TC1" time="0.008"/>
  <testcase classname="TestClasses" name="TC2" time="0.001"/>
  <testcase classname="TestClasses" name="TC3" time="0.0"/>
  <testcase classname="TestClasses" name="TC4" time="0.0"/>
  <testcase classname="TestClasses" name="TC5" time="0.0"/>
</testsuite> <!-- Surefire test -->
